<?xml version="1.0" encoding="UTF-8"?>
<testng-results ignored="0" total="1" passed="1" failed="0" skipped="0">
  <reporter-output>
    <line>
      <![CDATA[🔤 In Input Text Field 'customercare@jqrsports.com' data is Passed then]]>
    </line>
    <line>
      <![CDATA[🔤 In Input Text Field 'Jqr@123456' data is Passed then]]>
    </line>
    <line>
      <![CDATA[✅ 'Log In'---->Button Get clicked then]]>
    </line>
    <line>
      <![CDATA[✅ 'Retailer List'---->Button Get clicked then]]>
    </line>
    <line>
      <![CDATA[❌ Next Page Button is not working]]>
    </line>
  </reporter-output>
  <suite started-at="2024-10-02T10:10:49 IST" name="Default suite" finished-at="2024-10-02T10:11:07 IST" duration-ms="17205">
    <groups>
    </groups>
    <test started-at="2024-10-02T10:10:49 IST" name="Default test" finished-at="2024-10-02T10:11:07 IST" duration-ms="17205">
      <class name="com.Web.SAAS.paginationNetwork">
        <test-method signature="csvupload()[pri:0, instance:com.Web.SAAS.paginationNetwork@36ebc363]" started-at="2024-10-02T10:10:49 IST" name="csvupload" finished-at="2024-10-02T10:11:07 IST" duration-ms="17144" status="PASS">
          <reporter-output>
            <line>
              <![CDATA[🔤 In Input Text Field 'customercare@jqrsports.com' data is Passed then]]>
            </line>
            <line>
              <![CDATA[🔤 In Input Text Field 'Jqr@123456' data is Passed then]]>
            </line>
            <line>
              <![CDATA[✅ 'Log In'---->Button Get clicked then]]>
            </line>
            <line>
              <![CDATA[✅ 'Retailer List'---->Button Get clicked then]]>
            </line>
            <line>
              <![CDATA[❌ Next Page Button is not working]]>
            </line>
          </reporter-output>
        </test-method> <!-- csvupload -->
      </class> <!-- com.Web.SAAS.paginationNetwork -->
    </test> <!-- Default test -->
  </suite> <!-- Default suite -->
</testng-results>
