<?xml version="1.0" encoding="UTF-8"?>
<!-- Generated by org.testng.reporters.JUnitReportReporter -->
<testsuite hostname="Ganesh_Kumar" failures="0" tests="1" name="com.Web.SAAS.pagination" time="11.298" errors="0" timestamp="2024-09-27T17:03:04 IST" skipped="0">
  <testcase classname="com.Web.SAAS.pagination" name="test_Pagination" time="11.298">
    <system-out>
      <![CDATA[🔤 In Input Text Field 'customercare@jqrsports.com' data is Passed then
🔤 In Input Text Field 'Jqr@123456' data is Passed then
✅ 'Log In'---->Button Get clicked then
✅ 'Print All Qrs'---->Button Get clicked then
✅ Button name is not present or is empty but it get clicked then
Pagination Is Working]]>
    </system-out>
  </testcase> <!-- test_Pagination -->
  <system-out>
    <![CDATA[🔤 In Input Text Field 'customercare@jqrsports.com' data is Passed then
🔤 In Input Text Field 'Jqr@123456' data is Passed then
✅ 'Log In'---->Button Get clicked then
✅ 'Print All Qrs'---->Button Get clicked then
✅ Button name is not present or is empty but it get clicked then
Pagination Is Working]]>
  </system-out>
</testsuite> <!-- com.Web.SAAS.pagination -->
