<?xml version="1.0" encoding="UTF-8"?>
<!-- Generated by org.testng.reporters.JUnitReportReporter -->
<testsuite hostname="Ganesh_Kumar" failures="0" tests="1" name="com.Web.SAAS.uploadcsv" time="12.278" errors="0" timestamp="2024-10-01T10:59:08 IST" skipped="0">
  <testcase classname="com.Web.SAAS.uploadcsv" name="csvupload" time="12.278">
    <system-out>
      <![CDATA[🔤 In Input Text Field 'customercare@jqrsports.com' data is Passed then
🔤 In Input Text Field 'Jqr@123456' data is Passed then
✅ 'Log In'---->Button Get clicked then
✅ 'Product'---->Button Get clicked then
✅ 'Add Product Csv'---->Button Get clicked then
✅ Button name is not present or is empty but it get clicked then
✅ 'JQR'---->Button Get clicked then
🔤 In Choose CSV file
Click to upload or drag and drop Input text field Value 'C:\Users\ganes\eclipse-workspace\webAutomation\CSVupload\addJQRproductlist.csv' is passed then 
✅ 'Add'---->Button Get clicked then]]>
    </system-out>
  </testcase> <!-- csvupload -->
  <system-out>
    <![CDATA[🔤 In Input Text Field 'customercare@jqrsports.com' data is Passed then
🔤 In Input Text Field 'Jqr@123456' data is Passed then
✅ 'Log In'---->Button Get clicked then
✅ 'Product'---->Button Get clicked then
✅ 'Add Product Csv'---->Button Get clicked then
✅ Button name is not present or is empty but it get clicked then
✅ 'JQR'---->Button Get clicked then
🔤 In Choose CSV file
Click to upload or drag and drop Input text field Value 'C:\Users\ganes\eclipse-workspace\webAutomation\CSVupload\addJQRproductlist.csv' is passed then 
✅ 'Add'---->Button Get clicked then]]>
  </system-out>
</testsuite> <!-- com.Web.SAAS.uploadcsv -->
