<?xml version="1.0" encoding="UTF-8"?>
<!-- Generated by org.testng.reporters.JUnitReportReporter -->
<testsuite hostname="Ganesh_Kumar" failures="0" tests="1" name="com.Web.SAAS.JQR" time="19.132" errors="0" timestamp="2024-09-29T15:17:19 IST" skipped="0">
  <testcase classname="com.Web.SAAS.JQR" name="Apilog" time="19.132">
    <system-out>
      <![CDATA[🔤 In Input Text Field 'customercare@jqrsports.com' data is Passed then
🔤 In Input Text Field 'Jqr@123456' data is Passed then
✅ 'Log In'---->Button Get clicked then
✅ 'Product'---->Button Get clicked then
✅ Button name is not present or is empty but it get clicked then
✅ Button name is not present or is empty but it get clicked then
✅ 'JQR'---->Button Get clicked then
✅ Button name is not present or is empty but it get clicked then
✅ 'Ladies'---->Button Get clicked then
🔤 In Input Text Field 'Test JQR' data is Passed then
🔤 In Input Text Field '363982' data is Passed then
🔤 In Input Text Field '1' data is Passed then
🔤 In Input Text Field '2999' data is Passed then
🔤 In Input Text Field '2999' data is Passed then
🔤 In Input Text Field 'This is a Test Data' data is Passed then
🔤 In Click to upload or drag and drop
PNG or JPG (800x400px) . Max Upto 3 Images Input text field Value 'C:\Users\ganes\eclipse-workspace\webAutomation\Image\JQR_Add_product.jpg' is passed then 
🔤 In Input Text Field 'C:\Users\ganes\eclipse-workspace\webAutomation\Image\JQR_Add_product.jpg' data is Passed then
✅ 'Add'---->Button Get clicked then
Status of Point Active is Active State Changing to In-Active
Status is Active State Changing to In-Active
Product Code: 363982
Point Active: Active
Status: Active
Delete Button Get Clicked 
No Data found Product Get Deleted
✅ Button name is not present or is empty but it get clicked then
Pagination Is Working]]>
    </system-out>
  </testcase> <!-- Apilog -->
  <system-out>
    <![CDATA[🔤 In Input Text Field 'customercare@jqrsports.com' data is Passed then
🔤 In Input Text Field 'Jqr@123456' data is Passed then
✅ 'Log In'---->Button Get clicked then
✅ 'Product'---->Button Get clicked then
✅ Button name is not present or is empty but it get clicked then
✅ Button name is not present or is empty but it get clicked then
✅ 'JQR'---->Button Get clicked then
✅ Button name is not present or is empty but it get clicked then
✅ 'Ladies'---->Button Get clicked then
🔤 In Input Text Field 'Test JQR' data is Passed then
🔤 In Input Text Field '363982' data is Passed then
🔤 In Input Text Field '1' data is Passed then
🔤 In Input Text Field '2999' data is Passed then
🔤 In Input Text Field '2999' data is Passed then
🔤 In Input Text Field 'This is a Test Data' data is Passed then
🔤 In Click to upload or drag and drop
PNG or JPG (800x400px) . Max Upto 3 Images Input text field Value 'C:\Users\ganes\eclipse-workspace\webAutomation\Image\JQR_Add_product.jpg' is passed then 
🔤 In Input Text Field 'C:\Users\ganes\eclipse-workspace\webAutomation\Image\JQR_Add_product.jpg' data is Passed then
✅ 'Add'---->Button Get clicked then
Status of Point Active is Active State Changing to In-Active
Status is Active State Changing to In-Active
Product Code: 363982
Point Active: Active
Status: Active
Delete Button Get Clicked 
No Data found Product Get Deleted
✅ Button name is not present or is empty but it get clicked then
Pagination Is Working]]>
  </system-out>
</testsuite> <!-- com.Web.SAAS.JQR -->
