<?xml version="1.0" encoding="UTF-8"?>
<!-- Generated by org.testng.reporters.JUnitReportReporter -->
<testsuite hostname="Ganesh_Kumar" failures="0" tests="1" name="com.nonSAAS.Vega.VegaTesting" time="51.237" errors="0" timestamp="2024-10-01T11:06:44 IST" skipped="0">
  <testcase classname="com.nonSAAS.Vega.VegaTesting" name="User_Registration" time="51.237">
    <system-out>
      <![CDATA[Test started: User_Registration
🔤 In Input Text Field '1234567899' data is Passed then
✅ 'Get OTP'---->Button Get clicked then
✅ 'Login'---->Button Get clicked then
✅ Button name is not present or is empty but it get clicked then
🔤 In Input Text Field '110054' data is Passed then
✅ 'SUBMIT'---->Button Get clicked then
✅ Button name is not present or is empty but it get clicked then
✅ Button name is not present or is empty but it get clicked then
✅ 'Warranty List'---->Button Get clicked then
🔤 In Input Text Field 'Test Description Created During Automation' data is Passed then
🔤 In Input Text Field 'C:\Users\ganes\eclipse-workspace\Appium\src\test\java\Vega\Vega.jpg' data is Passed then
✅ 'SUBMIT'---->Button Get clicked then
✅ Button name is not present or is empty but it get clicked then
🔤 In Input Text Field 'info@vegaauto.com' data is Passed then
🔤 In Input Text Field 'vega@123@' data is Passed then
✅ Button name is not present or is empty but it get clicked then
✅ 'GenuineMark'---->Button Get clicked then
✅ 'Customer Warranty Claims'---->Button Get clicked then
✅ 'Ok'---->Button Get clicked then
✅ 'OK'---->Button Get clicked then
✅ Button name is not present or is empty but it get clicked then
🔤 In Input Text Field 'This Is Test Remark Created During Automation By Genefied' data is Passed then
✅ 'Submit'---->Button Get clicked then
✅ 'OK'---->Button Get clicked then
Test passed: User_Registration]]>
    </system-out>
  </testcase> <!-- User_Registration -->
  <system-out>
    <![CDATA[Test suite started: Default test
Test started: User_Registration
🔤 In Input Text Field '1234567899' data is Passed then
✅ 'Get OTP'---->Button Get clicked then
✅ 'Login'---->Button Get clicked then
✅ Button name is not present or is empty but it get clicked then
🔤 In Input Text Field '110054' data is Passed then
✅ 'SUBMIT'---->Button Get clicked then
✅ Button name is not present or is empty but it get clicked then
✅ Button name is not present or is empty but it get clicked then
✅ 'Warranty List'---->Button Get clicked then
🔤 In Input Text Field 'Test Description Created During Automation' data is Passed then
🔤 In Input Text Field 'C:\Users\ganes\eclipse-workspace\Appium\src\test\java\Vega\Vega.jpg' data is Passed then
✅ 'SUBMIT'---->Button Get clicked then
✅ Button name is not present or is empty but it get clicked then
🔤 In Input Text Field 'info@vegaauto.com' data is Passed then
🔤 In Input Text Field 'vega@123@' data is Passed then
✅ Button name is not present or is empty but it get clicked then
✅ 'GenuineMark'---->Button Get clicked then
✅ 'Customer Warranty Claims'---->Button Get clicked then
✅ 'Ok'---->Button Get clicked then
✅ 'OK'---->Button Get clicked then
✅ Button name is not present or is empty but it get clicked then
🔤 In Input Text Field 'This Is Test Remark Created During Automation By Genefied' data is Passed then
✅ 'Submit'---->Button Get clicked then
✅ 'OK'---->Button Get clicked then
Test passed: User_Registration]]>
  </system-out>
</testsuite> <!-- com.nonSAAS.Vega.VegaTesting -->
